<?xml version="1.0" encoding="UTF-8"?>
<!-- Generated by org.testng.reporters.JUnitReportReporter -->
<testsuite hostname="RCCHN0080" name="Test.Initiate" tests="1" failures="1" timestamp="1 Mar 2018 09:46:17 GMT" time="132.345" errors="0">
  <testcase name="checkHome" time="132.345" classname="Test.Initiate">
    <failure type="org.openqa.selenium.TimeoutException" message="Expected condition failed: waiting for Test.Browser$4@24976ada (tried for 60 second(s) with 5 MILLISECONDS interval)
Build info: version: &#039;3.4.0&#039;, revision: &#039;unknown&#039;, time: &#039;unknown&#039;
System info: host: &#039;RCCHN0080&#039;, ip: &#039;10.22.175.180&#039;, os.name: &#039;Windows 10&#039;, os.arch: &#039;amd64&#039;, os.version: &#039;10.0&#039;, java.version: &#039;1.8.0_144&#039;
Driver info: org.openqa.selenium.firefox.FirefoxDriver
Capabilities [{moz:profile=C:\Users\user\AppData\Local\Temp\rust_mozprofile.OGljBcRRsw4v, rotatable=false, timeouts={implicit=0.0, pageLoad=300000.0, script=30000.0}, pageLoadStrategy=normal, moz:headless=false, platform=ANY, specificationLevel=0.0, moz:accessibilityChecks=false, acceptInsecureCerts=true, browserVersion=56.0.2, platformVersion=10.0, moz:processID=17940.0, browserName=firefox, javascriptEnabled=true, platformName=windows_nt}]
Session ID: d6fd2885-f550-4b85-9ae7-e213f10dbb92">
      <![CDATA[org.openqa.selenium.TimeoutException: Expected condition failed: waiting for Test.Browser$4@24976ada (tried for 60 second(s) with 5 MILLISECONDS interval)
Build info: version: '3.4.0', revision: 'unknown', time: 'unknown'
System info: host: 'RCCHN0080', ip: '10.22.175.180', os.name: 'Windows 10', os.arch: 'amd64', os.version: '10.0', java.version: '1.8.0_144'
Driver info: org.openqa.selenium.firefox.FirefoxDriver
Capabilities [{moz:profile=C:\Users\user\AppData\Local\Temp\rust_mozprofile.OGljBcRRsw4v, rotatable=false, timeouts={implicit=0.0, pageLoad=300000.0, script=30000.0}, pageLoadStrategy=normal, moz:headless=false, platform=ANY, specificationLevel=0.0, moz:accessibilityChecks=false, acceptInsecureCerts=true, browserVersion=56.0.2, platformVersion=10.0, moz:processID=17940.0, browserName=firefox, javascriptEnabled=true, platformName=windows_nt}]
Session ID: d6fd2885-f550-4b85-9ae7-e213f10dbb92
	at org.openqa.selenium.support.ui.WebDriverWait.timeoutException(WebDriverWait.java:80)
	at org.openqa.selenium.support.ui.FluentWait.until(FluentWait.java:232)
	at Test.Browser.waitForPageElementToLoad(Browser.java:1116)
	at Test.Browser.waitForPageElementToLoad(Browser.java:1098)
	at Test.Browser.findTheElement(Browser.java:237)
	at Test.Promotions.executeAll(Promotions.java:93)
	at Test.Initiate.chkPromotions(Initiate.java:152)
	at Test.Initiate.checkHome(Initiate.java:110)
	at sun.reflect.NativeMethodAccessorImpl.invoke0(Native Method)
	at sun.reflect.NativeMethodAccessorImpl.invoke(Unknown Source)
	at sun.reflect.DelegatingMethodAccessorImpl.invoke(Unknown Source)
	at java.lang.reflect.Method.invoke(Unknown Source)
	at org.testng.internal.MethodInvocationHelper.invokeMethod(MethodInvocationHelper.java:84)
	at org.testng.internal.Invoker.invokeMethod(Invoker.java:714)
	at org.testng.internal.Invoker.invokeTestMethod(Invoker.java:901)
	at org.testng.internal.Invoker.invokeTestMethods(Invoker.java:1231)
	at org.testng.internal.TestMethodWorker.invokeTestMethods(TestMethodWorker.java:127)
	at org.testng.internal.TestMethodWorker.run(TestMethodWorker.java:111)
	at java.util.concurrent.ThreadPoolExecutor.runWorker(Unknown Source)
	at java.util.concurrent.ThreadPoolExecutor$Worker.run(Unknown Source)
	at java.lang.Thread.run(Unknown Source)
]]>
    </failure>
  </testcase> <!-- checkHome -->
</testsuite> <!-- Test.Initiate -->
