<?xml version="1.0" encoding="UTF-8"?>
<!-- Generated by org.testng.reporters.JUnitReportReporter -->
<testsuite hostname="RCCHN0080" name="Test.Initiate" tests="1" failures="0" timestamp="16 Mar 2018 14:49:34 GMT" time="768.128" errors="0">
  <testcase name="checkHome" time="768.128" classname="Test.Initiate"/>
</testsuite> <!-- Test.Initiate -->
