<?xml version="1.0" encoding="UTF-8"?>
<!-- Generated by org.testng.reporters.JUnitReportReporter -->
<testsuite hostname="RCCHN0080" name="Test.Initiate" tests="1" failures="0" timestamp="1 Mar 2018 14:42:54 GMT" time="204.063" errors="0">
  <testcase name="checkHome" time="204.063" classname="Test.Initiate"/>
</testsuite> <!-- Test.Initiate -->
