<?xml version="1.0" encoding="UTF-8"?>
<!-- Generated by org.testng.reporters.JUnitReportReporter -->
<testsuite hostname="RCCHN0080" name="Test.Initiate" tests="1" failures="0" timestamp="14 Mar 2018 11:04:55 GMT" time="422.709" errors="0">
  <testcase name="checkHome" time="422.709" classname="Test.Initiate"/>
</testsuite> <!-- Test.Initiate -->
